<?xml version="1.0" encoding="UTF-8"?>
<robot generator="Robot 7.3.2 (Python 3.13.5 on win32)" generated="2025-09-04T15:16:42.149147" rpa="false" schemaversion="5">
<suite id="s1" name="Venda" source="c:\teste\src\Venda\venda.robot">
<test id="s1-t1" name="Acessar tela de venda" line="7">
<kw name="Abrir navegador" owner="generico">
<kw name="New Browser" owner="Browser">
<msg time="2025-09-04T15:16:44.697945" level="INFO">{"browser": "chromium", "headless": false, "chromiumSandbox": false, "devtools": false, "handleSIGHUP": true, "handleSIGINT": true, "handleSIGTERM": true, "slowMo": 0.0, "timeout": 30000.0, "tracesDir": "C:\\teste\\browser\\traces\\temp\\1cfbb260-8b76-45c5-b9aa-73637e62d9c2"}</msg>
<msg time="2025-09-04T15:16:44.968812" level="INFO">Starting Browser process C:\Users\kaique.alves\AppData\Local\Programs\Python\Python313\Lib\site-packages\Browser\wrapper\index.js using at 127.0.0.1:53959</msg>
<msg time="2025-09-04T15:16:47.514094" level="INFO">Successfully created browser with options: {"browser":"chromium","headless":false,"chromiumSandbox":false,"devtools":false,"handleSIGHUP":true,"handleSIGINT":true,"handleSIGTERM":true,"slowMo":0,"timeout":30000,"tracesDir":"C:\\teste\\browser\\traces\\temp\\1cfbb260-8b76-45c5-b9aa-73637e62d9c2"}</msg>
<arg>chromium</arg>
<arg>headless=False</arg>
<tag>BrowserControl</tag>
<tag>Setter</tag>
<doc>Create a new playwright Browser with specified options.</doc>
<status status="PASS" start="2025-09-04T15:16:44.695348" elapsed="2.819439"/>
</kw>
<kw name="New Context" owner="Browser">
<msg time="2025-09-04T15:16:47.523412" level="INFO">{
  "acceptDownloads": true,
  "bypassCSP": false,
  "forcedColors": "none",
  "ignoreHTTPSErrors": true,
  "javaScriptEnabled": true,
  "offline": false,
  "reducedMotion": "no-preference",
  "serviceWorkers": "allow",
  "viewport": {
    "height": 1080,
    "width": 1920
  }
}</msg>
<msg time="2025-09-04T15:16:47.619206" level="INFO">Successfully created context. </msg>
<msg time="2025-09-04T15:16:47.619664" level="INFO">{'acceptDownloads': True, 'bypassCSP': False, 'forcedColors': 'none', 'ignoreHTTPSErrors': True, 'javaScriptEnabled': True, 'offline': False, 'reducedMotion': 'no-preference', 'serviceWorkers': 'allow', 'viewport': {'height': 1080, 'width': 1920}}</msg>
<msg time="2025-09-04T15:16:47.620193" level="INFO">${context} = context=d09ebff5-9fc1-45b9-abe6-22da1115559f</msg>
<var>${context}</var>
<arg>ignoreHTTPSErrors=True</arg>
<arg>viewport={'width': 1920, 'height': 1080}</arg>
<tag>BrowserControl</tag>
<tag>Setter</tag>
<doc>Create a new BrowserContext with specified options.</doc>
<status status="PASS" start="2025-09-04T15:16:47.515599" elapsed="0.104916"/>
</kw>
<kw name="New Page" owner="Browser">
<msg time="2025-09-04T15:16:48.658482" level="INFO">Successfully initialized new page object and opened url: https://emc-frontend-hml.emcsistemas.com.br/login</msg>
<arg>${URL}</arg>
<tag>BrowserControl</tag>
<tag>Setter</tag>
<doc>Open a new Page.</doc>
<status status="PASS" start="2025-09-04T15:16:47.621228" elapsed="1.038035"/>
</kw>
<status status="PASS" start="2025-09-04T15:16:44.690667" elapsed="3.969023"/>
</kw>
<kw name="Preencher Login" owner="generico">
<kw name="Fill Text" owner="Browser">
<msg time="2025-09-04T15:16:48.695611" level="INFO">Fills the text 'kaique' in the given field.</msg>
<arg>css=input[placeholder="Nome de usuário ou email"]</arg>
<arg>kaique</arg>
<tag>PageContent</tag>
<tag>Setter</tag>
<doc>Clears and fills the given ``txt`` into the text field found by ``selector``.</doc>
<status status="PASS" start="2025-09-04T15:16:48.691268" elapsed="0.200007"/>
</kw>
<kw name="Fill Text" owner="Browser">
<msg time="2025-09-04T15:16:48.898016" level="INFO">Fills the text '1234567' in the given field.</msg>
<arg>css=input[placeholder="Sua senha"]</arg>
<arg>1234567</arg>
<tag>PageContent</tag>
<tag>Setter</tag>
<doc>Clears and fills the given ``txt`` into the text field found by ``selector``.</doc>
<status status="PASS" start="2025-09-04T15:16:48.895342" elapsed="0.039227"/>
</kw>
<kw name="Click" owner="Browser">
<msg time="2025-09-04T15:16:48.938730" level="INFO">Clicks the element 'text=Entrar'.</msg>
<arg>text=Entrar</arg>
<tag>PageContent</tag>
<tag>Setter</tag>
<doc>Simulates mouse click on the element found by ``selector``.</doc>
<status status="PASS" start="2025-09-04T15:16:48.935314" elapsed="0.112965"/>
</kw>
<kw name="Wait For Elements State" owner="Browser">
<msg time="2025-09-04T15:16:49.947240" level="INFO">Waited for Element with selector xpath=//span[text()="Dashboard"] at state visible</msg>
<arg>xpath=//span[text()="Dashboard"]</arg>
<arg>visible</arg>
<arg>timeout=15s</arg>
<tag>PageContent</tag>
<tag>Wait</tag>
<doc>Waits for the element found by ``selector`` to satisfy state option.</doc>
<status status="PASS" start="2025-09-04T15:16:49.049086" elapsed="0.899057"/>
</kw>
<status status="PASS" start="2025-09-04T15:16:48.689481" elapsed="1.259270"/>
</kw>
<kw name="Acessar tela de venda" owner="venda">
<kw name="Click" owner="Browser">
<msg time="2025-09-04T15:16:50.058741" level="INFO">Clicks the element 'text=Vendas'.</msg>
<arg>text=Vendas</arg>
<tag>PageContent</tag>
<tag>Setter</tag>
<doc>Simulates mouse click on the element found by ``selector``.</doc>
<status status="PASS" start="2025-09-04T15:16:50.057038" elapsed="0.518146"/>
</kw>
<kw name="Click" owner="Browser">
<msg time="2025-09-04T15:16:50.580601" level="INFO">Clicks the element 'text=Operações'.</msg>
<arg>text=Operações</arg>
<tag>PageContent</tag>
<tag>Setter</tag>
<doc>Simulates mouse click on the element found by ``selector``.</doc>
<status status="PASS" start="2025-09-04T15:16:50.575835" elapsed="1.216011"/>
</kw>
<kw name="Click" owner="Browser">
<msg time="2025-09-04T15:16:51.797358" level="INFO">Clicks the element 'text=Nova Venda'.</msg>
<arg>text=Nova Venda</arg>
<tag>PageContent</tag>
<tag>Setter</tag>
<doc>Simulates mouse click on the element found by ``selector``.</doc>
<status status="PASS" start="2025-09-04T15:16:51.792625" elapsed="0.211929"/>
</kw>
<kw name="Sleep" owner="BuiltIn">
<msg time="2025-09-04T15:16:54.006385" level="INFO">Slept 2 seconds.</msg>
<arg>2s</arg>
<doc>Pauses the test executed for the given time.</doc>
<status status="PASS" start="2025-09-04T15:16:52.005042" elapsed="2.001733"/>
</kw>
<kw name="Reload" owner="Browser">
<msg time="2025-09-04T15:16:54.372535" level="INFO">Reloaded page with options: {"waitUntil": "load"}</msg>
<tag>BrowserControl</tag>
<tag>Setter</tag>
<doc>Reloads current active page.</doc>
<status status="PASS" start="2025-09-04T15:16:54.007120" elapsed="0.366280"/>
</kw>
<kw name="Click" owner="Browser">
<msg time="2025-09-04T15:16:54.375658" level="INFO">Clicks the element 'css=#origemVenda'.</msg>
<arg>css=#origemVenda</arg>
<tag>PageContent</tag>
<tag>Setter</tag>
<doc>Simulates mouse click on the element found by ``selector``.</doc>
<status status="PASS" start="2025-09-04T15:16:54.374040" elapsed="0.424438"/>
</kw>
<kw name="Click" owner="Browser">
<msg time="2025-09-04T15:16:54.800861" level="INFO">Clicks the element 'xpath=(//div[@role="option"])[2]'.</msg>
<arg>xpath=(//div[@role="option"])[2]</arg>
<tag>PageContent</tag>
<tag>Setter</tag>
<doc>Simulates mouse click on the element found by ``selector``.</doc>
<status status="PASS" start="2025-09-04T15:16:54.799203" elapsed="0.162342"/>
</kw>
<kw name="Click" owner="Browser">
<msg time="2025-09-04T15:16:54.963302" level="INFO">Clicks the element 'xpath=//body'.</msg>
<arg>xpath=//body</arg>
<tag>PageContent</tag>
<tag>Setter</tag>
<doc>Simulates mouse click on the element found by ``selector``.</doc>
<status status="PASS" start="2025-09-04T15:16:54.961990" elapsed="0.061885"/>
</kw>
<kw name="Sleep" owner="BuiltIn">
<msg time="2025-09-04T15:16:55.525384" level="INFO">Slept 500 milliseconds.</msg>
<arg>0.5s</arg>
<doc>Pauses the test executed for the given time.</doc>
<status status="PASS" start="2025-09-04T15:16:55.024322" elapsed="0.501541"/>
</kw>
<kw name="Press Keys" owner="Browser">
<arg>css=input[placeholder="Código"]</arg>
<arg>3</arg>
<tag>PageContent</tag>
<tag>Setter</tag>
<doc>Types the given key combination into element found by ``selector``.</doc>
<status status="PASS" start="2025-09-04T15:16:55.526221" elapsed="0.047751"/>
</kw>
<kw name="Sleep" owner="BuiltIn">
<msg time="2025-09-04T15:16:56.575644" level="INFO">Slept 1 second.</msg>
<arg>1s</arg>
<doc>Pauses the test executed for the given time.</doc>
<status status="PASS" start="2025-09-04T15:16:55.574433" elapsed="1.001619"/>
</kw>
<kw name="Click" owner="Browser">
<msg time="2025-09-04T15:16:56.578975" level="INFO">Clicks the element 'xpath=/html/body/div/div[2]/div[2]/div/div[1]/div[2]/form/div[2]/div[3]/button'.</msg>
<arg>xpath=/html/body/div/div[2]/div[2]/div/div[1]/div[2]/form/div[2]/div[3]/button</arg>
<tag>PageContent</tag>
<tag>Setter</tag>
<doc>Simulates mouse click on the element found by ``selector``.</doc>
<status status="PASS" start="2025-09-04T15:16:56.576402" elapsed="0.098085"/>
</kw>
<kw name="Sleep" owner="BuiltIn">
<msg time="2025-09-04T15:16:57.677256" level="INFO">Slept 1 second.</msg>
<arg>1s</arg>
<doc>Pauses the test executed for the given time.</doc>
<status status="PASS" start="2025-09-04T15:16:56.675128" elapsed="1.003008"/>
</kw>
<kw name="Click" owner="Browser">
<msg time="2025-09-04T15:16:57.680696" level="INFO">Clicks the element 'xpath=(//div[contains(@class,"cursor-pointer")])[last()]'.</msg>
<arg>xpath=(//div[contains(@class,"cursor-pointer")])[last()]</arg>
<tag>PageContent</tag>
<tag>Setter</tag>
<doc>Simulates mouse click on the element found by ``selector``.</doc>
<status status="PASS" start="2025-09-04T15:16:57.678966" elapsed="0.202546"/>
</kw>
<kw name="Sleep" owner="BuiltIn">
<msg time="2025-09-04T15:16:58.883745" level="INFO">Slept 1 second.</msg>
<arg>1s</arg>
<doc>Pauses the test executed for the given time.</doc>
<status status="PASS" start="2025-09-04T15:16:57.882530" elapsed="1.001591"/>
</kw>
<kw name="Get Elements" owner="Browser">
<msg time="2025-09-04T15:16:58.922525" level="INFO">Found locator('div.flex.flex-col.w-3\\/4.h-full.overflow-y-auto &gt; div.gridHeightSaleProd &gt; div.gridListSaleProd &gt; div.gridRow:not(.cursor-not-allowed):not(.opacity-50):visible').first(),locator('div.flex.flex-col.w-3\\/4.h-full.overflow-y-auto &gt; div.gridHeightSaleProd &gt; div.gridListSaleProd &gt; div.gridRow:not(.cursor-not-allowed):not(.opacity-50):visible').nth(1),locator('div.flex.flex-col.w-3\\/4.h-full.overflow-y-auto &gt; div.gridHeightSaleProd &gt; div.gridListSaleProd &gt; div.gridRow:not(.cursor-not-allowed):not(.opacity-50):visible').nth(2),locator('div.flex.flex-col.w-3\\/4.h-full.overflow-y-auto &gt; div.gridHeightSaleProd &gt; div.gridListSaleProd &gt; div.gridRow:not(.cursor-not-allowed):not(.opacity-50):visible').nth(3),locator('div.flex.flex-col.w-3\\/4.h-full.overflow-y-auto &gt; div.gridHeightSaleProd &gt; div.gridListSaleProd &gt; div.gridRow:not(.cursor-not-allowed):not(.opacity-50):visible').nth(4),locator('div.flex.flex-col.w-3\\/4.h-full.overflow-y-auto &gt; div.gridHeightSaleProd &gt; div.gridListSaleProd &gt; div.gridRow:not(.cursor-not-allowed):not(.opacity-50):visible').nth(5),locator('div.flex.flex-col.w-3\\/4.h-full.overflow-y-auto &gt; div.gridHeightSaleProd &gt; div.gridListSaleProd &gt; div.gridRow:not(.cursor-not-allowed):not(.opacity-50):visible').nth(6),locator('div.flex.flex-col.w-3\\/4.h-full.overflow-y-auto &gt; div.gridHeightSaleProd &gt; div.gridListSaleProd &gt; div.gridRow:not(.cursor-not-allowed):not(.opacity-50):visible').nth(7) Locators successfully.</msg>
<msg time="2025-09-04T15:16:58.923575" level="INFO">${produtos} = ['css=div.flex.flex-col.w-3\\/4.h-full.overflow-y-auto &gt; div.gridHeightSaleProd &gt; div.gridListSaleProd &gt; div.gridRow:not(.cursor-not-allowed):not(.opacity-50):visible &gt;&gt; nth=0', 'css=div.flex.flex-col...</msg>
<var>${produtos}</var>
<arg>css=div.flex.flex-col.w-3\\/4.h-full.overflow-y-auto &gt; div.gridHeightSaleProd &gt; div.gridListSaleProd &gt; div.gridRow:not(.cursor-not-allowed):not(.opacity-50):visible</arg>
<tag>Getter</tag>
<tag>PageContent</tag>
<doc>Returns a reference to Playwright [https://playwright.dev/docs/api/class-locator|Locator]
for all matched elements by ``selector``.</doc>
<status status="PASS" start="2025-09-04T15:16:58.884476" elapsed="0.039460"/>
</kw>
<kw name="Get Length" owner="BuiltIn">
<msg time="2025-09-04T15:16:58.925509" level="INFO">Length is 8.</msg>
<msg time="2025-09-04T15:16:58.926050" level="INFO">${qtd_produtos} = 8</msg>
<var>${qtd_produtos}</var>
<arg>${produtos}</arg>
<doc>Returns and logs the length of the given item as an integer.</doc>
<status status="PASS" start="2025-09-04T15:16:58.924499" elapsed="0.001924"/>
</kw>
<kw name="Log To Console" owner="BuiltIn">
<arg>quantidade encontrada: ${qtd_produtos}</arg>
<doc>Logs the given message to the console.</doc>
<status status="PASS" start="2025-09-04T15:16:58.927624" elapsed="0.005971"/>
</kw>
<kw name="Evaluate" owner="BuiltIn">
<msg time="2025-09-04T15:16:58.935638" level="INFO">${indice_aleatorio} = 5</msg>
<var>${indice_aleatorio}</var>
<arg>random.randint(0, ${qtd_produtos} - 1)</arg>
<arg>random</arg>
<doc>Evaluates the given expression in Python and returns the result.</doc>
<status status="PASS" start="2025-09-04T15:16:58.934249" elapsed="0.001774"/>
</kw>
<kw name="Set Variable" owner="BuiltIn">
<msg time="2025-09-04T15:16:58.938003" level="INFO">${produto_aleatorio} = css=div.flex.flex-col.w-3\/4.h-full.overflow-y-auto &gt; div.gridHeightSaleProd &gt; div.gridListSaleProd &gt; div.gridRow:not(.cursor-not-allowed):not(.opacity-50):visible &gt;&gt; nth=5</msg>
<var>${produto_aleatorio}</var>
<arg>${produtos}[${indice_aleatorio}]</arg>
<doc>Returns the given values which can then be assigned to a variables.</doc>
<status status="PASS" start="2025-09-04T15:16:58.936612" elapsed="0.001963"/>
</kw>
<kw name="Scroll To Element" owner="Browser">
<arg>${produto_aleatorio}</arg>
<tag>PageContent</tag>
<tag>Setter</tag>
<doc>This method waits for actionability checks, then tries to scroll element into view,
unless it is completely visible.</doc>
<status status="PASS" start="2025-09-04T15:16:58.939225" elapsed="0.063312"/>
</kw>
<kw name="Wait For Elements State" owner="Browser">
<msg time="2025-09-04T15:16:59.023052" level="INFO">Waited for Element with selector css=div.flex.flex-col.w-3\/4.h-full.overflow-y-auto &gt; div.gridHeightSaleProd &gt; div.gridListSaleProd &gt; div.gridRow:not(.cursor-not-allowed):not(.opacity-50):visible &gt;&gt; nth=5 at state visible</msg>
<arg>${produto_aleatorio}</arg>
<arg>visible</arg>
<arg>10s</arg>
<tag>PageContent</tag>
<tag>Wait</tag>
<doc>Waits for the element found by ``selector`` to satisfy state option.</doc>
<status status="PASS" start="2025-09-04T15:16:59.003277" elapsed="0.020483"/>
</kw>
<kw name="Wait For Elements State" owner="Browser">
<msg time="2025-09-04T15:16:59.055774" level="INFO">Waited for Element with selector css=div.flex.flex-col.w-3\/4.h-full.overflow-y-auto &gt; div.gridHeightSaleProd &gt; div.gridListSaleProd &gt; div.gridRow:not(.cursor-not-allowed):not(.opacity-50):visible &gt;&gt; nth=5 at state enabled</msg>
<arg>${produto_aleatorio}</arg>
<arg>enabled</arg>
<arg>10s</arg>
<tag>PageContent</tag>
<tag>Wait</tag>
<doc>Waits for the element found by ``selector`` to satisfy state option.</doc>
<status status="PASS" start="2025-09-04T15:16:59.024417" elapsed="0.031991"/>
</kw>
<kw name="Click" owner="Browser">
<msg time="2025-09-04T15:16:59.058406" level="INFO">Clicks the element 'css=div.flex.flex-col.w-3\/4.h-full.overflow-y-auto &gt; div.gridHeightSaleProd &gt; div.gridListSaleProd &gt; div.gridRow:not(.cursor-not-allowed):not(.opacity-50):visible &gt;&gt; nth=5'.</msg>
<arg>${produto_aleatorio}</arg>
<tag>PageContent</tag>
<tag>Setter</tag>
<doc>Simulates mouse click on the element found by ``selector``.</doc>
<status status="PASS" start="2025-09-04T15:16:59.056973" elapsed="0.081003"/>
</kw>
<status status="PASS" start="2025-09-04T15:16:50.055746" elapsed="9.082782"/>
</kw>
<kw name="Sleep" owner="BuiltIn">
<arg>80s</arg>
<doc>Pauses the test executed for the given time.</doc>
<status status="FAIL" start="2025-09-04T15:16:59.195793" elapsed="5.669954">Execution terminated by signal</status>
</kw>
<msg time="2025-09-04T15:17:04.919035" level="INFO">Switching context to context=d09ebff5-9fc1-45b9-abe6-22da1115559f in CURRENT</msg>
<msg time="2025-09-04T15:17:04.933265" level="INFO">Successfully changed active context: context=d09ebff5-9fc1-45b9-abe6-22da1115559f</msg>
<msg time="2025-09-04T15:17:04.936885" level="INFO">Successfully closed Context</msg>
<status status="FAIL" start="2025-09-04T15:16:44.689138" elapsed="20.182931">Execution terminated by signal</status>
</test>
<status status="FAIL" start="2025-09-04T15:16:42.162878" elapsed="22.873898"/>
</suite>
<statistics>
<total>
<stat pass="0" fail="1" skip="0">All Tests</stat>
</total>
<tag>
</tag>
<suite>
<stat name="Venda" id="s1" pass="0" fail="1" skip="0">Venda</stat>
</suite>
</statistics>
<errors>
</errors>
</robot>
